  Renderer.cpp
c:\users\customer pc\documents\visual studio 2013\projects\raytracer\raytracer2\renderer.h(20): warning C4305: 'initializing': truncation from 'double' to 'float'
c:\users\customer pc\documents\visual studio 2013\projects\raytracer\raytracer2\renderer.h(21): warning C4305: 'initializing': truncation from 'double' to 'float'
c:\users\customer pc\documents\visual studio 2013\projects\raytracer\raytracer2\renderer.cpp(37): warning C4305: '=': truncation from 'double' to 'float'
c:\users\customer pc\documents\visual studio 2013\projects\raytracer\raytracer2\renderer.cpp(38): warning C4305: '=': truncation from 'double' to 'float'
c:\users\customer pc\documents\visual studio 2013\projects\raytracer\raytracer2\renderer.cpp(89): warning C4244: 'initializing': conversion from 'float' to 'int', possible loss of data
c:\users\customer pc\documents\visual studio 2013\projects\raytracer\raytracer2\renderer.cpp(90): warning C4244: 'initializing': conversion from 'float' to 'int', possible loss of data
c:\users\customer pc\documents\visual studio 2013\projects\raytracer\raytracer2\renderer.cpp(127): warning C4305: '-=': truncation from 'double' to 'float'
c:\users\customer pc\documents\visual studio 2013\projects\raytracer\raytracer2\renderer.cpp(130): warning C4305: '+=': truncation from 'double' to 'float'
c:\users\customer pc\documents\visual studio 2013\projects\raytracer\raytracer2\renderer.cpp(142): warning C4804: '>': unsafe use of type 'bool' in operation
c:\users\customer pc\documents\visual studio 2013\projects\raytracer\raytracer2\renderer.cpp(145): warning C4804: '>': unsafe use of type 'bool' in operation
c:\users\customer pc\documents\visual studio 2013\projects\raytracer\raytracer2\renderer.cpp(166): warning C4244: 'argument': conversion from 'int' to 'float', possible loss of data
c:\users\customer pc\documents\visual studio 2013\projects\raytracer\raytracer2\renderer.cpp(234): warning C4244: '=': conversion from 'float' to 'int', possible loss of data
c:\users\customer pc\documents\visual studio 2013\projects\raytracer\raytracer2\renderer.cpp(235): warning C4244: '=': conversion from 'float' to 'int', possible loss of data
c:\users\customer pc\documents\visual studio 2013\projects\raytracer\raytracer2\renderer.cpp(275): warning C4244: 'argument': conversion from 'int' to 'float', possible loss of data
c:\users\customer pc\documents\visual studio 2013\projects\raytracer\raytracer2\renderer.cpp(278): warning C4244: 'argument': conversion from 'int' to 'float', possible loss of data
  Generating code
  15 of 49 functions (30.6%) were compiled, the rest were copied from previous compilation.
    12 functions were new in current compilation
    0 functions had inline decision re-evaluated but remain unchanged
  Finished generating code
  Raytracer2.vcxproj -> C:\Users\Customer PC\Documents\Visual Studio 2013\Projects\Raytracer\Release\Raytracer2.exe
